<?xml version="1.0" encoding="UTF-8"?>
<coverage generated="1579564543312" clover="3.2.0">
  <project timestamp="1579564543312" name="All files">
    <metrics statements="25" coveredstatements="16" conditionals="10" coveredconditionals="0" methods="17" coveredmethods="7" elements="52" coveredelements="23" complexity="0" loc="25" ncloc="25" packages="1" files="2" classes="2"/>
    <file name="auth.js" path="/home/maray/Desktop/LIM011-fe-social-network/src/firebase/auth.js">
      <metrics statements="13" coveredstatements="7" conditionals="6" coveredconditionals="0" methods="8" coveredmethods="5"/>
      <line num="2" count="1" type="stmt"/>
      <line num="6" count="1" type="stmt"/>
      <line num="10" count="2" type="stmt"/>
      <line num="14" count="1" type="stmt"/>
      <line num="18" count="1" type="stmt"/>
      <line num="19" count="0" type="stmt"/>
      <line num="20" count="0" type="stmt"/>
      <line num="26" count="0" type="stmt"/>
      <line num="30" count="1" type="stmt"/>
      <line num="31" count="0" type="stmt"/>
      <line num="32" count="0" type="cond" truecount="0" falsecount="2"/>
      <line num="33" count="0" type="stmt"/>
      <line num="39" count="1" type="stmt"/>
    </file>
    <file name="post.js" path="/home/maray/Desktop/LIM011-fe-social-network/src/firebase/post.js">
      <metrics statements="12" coveredstatements="9" conditionals="4" coveredconditionals="0" methods="9" coveredmethods="2"/>
      <line num="3" count="1" type="stmt"/>
      <line num="16" count="1" type="stmt"/>
      <line num="17" count="0" type="stmt"/>
      <line num="26" count="1" type="stmt"/>
      <line num="29" count="1" type="stmt"/>
      <line num="31" count="1" type="stmt"/>
      <line num="34" count="1" type="stmt"/>
      <line num="36" count="1" type="stmt"/>
      <line num="40" count="1" type="stmt"/>
      <line num="41" count="0" type="stmt"/>
      <line num="46" count="1" type="stmt"/>
      <line num="47" count="0" type="stmt"/>
    </file>
  </project>
</coverage>
