{"/home/maray/Desktop/LIM011-fe-social-network/src/firebase/auth.js": {"path":"/home/maray/Desktop/LIM011-fe-social-network/src/firebase/auth.js","statementMap":{"0":{"start":{"line":2,"column":27},"end":{"line":3,"column":50}},"1":{"start":{"line":2,"column":48},"end":{"line":3,"column":50}},"2":{"start":{"line":6,"column":25},"end":{"line":7,"column":58}},"3":{"start":{"line":6,"column":31},"end":{"line":7,"column":58}},"4":{"start":{"line":10,"column":24},"end":{"line":11,"column":46}},"5":{"start":{"line":10,"column":45},"end":{"line":11,"column":46}},"6":{"start":{"line":14,"column":27},"end":{"line":15,"column":60}},"7":{"start":{"line":14,"column":33},"end":{"line":15,"column":60}},"8":{"start":{"line":18,"column":27},"end":{"line":27,"column":1}},"9":{"start":{"line":19,"column":15},"end":{"line":19,"column":42}},"10":{"start":{"line":20,"column":19},"end":{"line":25,"column":3}},"11":{"start":{"line":26,"column":2},"end":{"line":26,"column":18}},"12":{"start":{"line":30,"column":23},"end":{"line":36,"column":1}},"13":{"start":{"line":31,"column":2},"end":{"line":35,"column":5}},"14":{"start":{"line":32,"column":4},"end":{"line":34,"column":5}},"15":{"start":{"line":33,"column":6},"end":{"line":33,"column":25}},"16":{"start":{"line":39,"column":23},"end":{"line":39,"column":54}},"17":{"start":{"line":39,"column":29},"end":{"line":39,"column":54}}},"fnMap":{"0":{"name":"(anonymous_0)","decl":{"start":{"line":2,"column":27},"end":{"line":2,"column":28}},"loc":{"start":{"line":2,"column":48},"end":{"line":3,"column":50}},"line":2},"1":{"name":"(anonymous_1)","decl":{"start":{"line":6,"column":25},"end":{"line":6,"column":26}},"loc":{"start":{"line":6,"column":31},"end":{"line":7,"column":58}},"line":6},"2":{"name":"(anonymous_2)","decl":{"start":{"line":10,"column":24},"end":{"line":10,"column":25}},"loc":{"start":{"line":10,"column":45},"end":{"line":11,"column":46}},"line":10},"3":{"name":"(anonymous_3)","decl":{"start":{"line":14,"column":27},"end":{"line":14,"column":28}},"loc":{"start":{"line":14,"column":33},"end":{"line":15,"column":60}},"line":14},"4":{"name":"(anonymous_4)","decl":{"start":{"line":18,"column":27},"end":{"line":18,"column":28}},"loc":{"start":{"line":18,"column":33},"end":{"line":27,"column":1}},"line":18},"5":{"name":"(anonymous_5)","decl":{"start":{"line":30,"column":23},"end":{"line":30,"column":24}},"loc":{"start":{"line":30,"column":37},"end":{"line":36,"column":1}},"line":30},"6":{"name":"(anonymous_6)","decl":{"start":{"line":31,"column":37},"end":{"line":31,"column":38}},"loc":{"start":{"line":31,"column":47},"end":{"line":35,"column":3}},"line":31},"7":{"name":"(anonymous_7)","decl":{"start":{"line":39,"column":23},"end":{"line":39,"column":24}},"loc":{"start":{"line":39,"column":29},"end":{"line":39,"column":54}},"line":39}},"branchMap":{"0":{"loc":{"start":{"line":22,"column":10},"end":{"line":22,"column":68}},"type":"cond-expr","locations":[{"start":{"line":22,"column":40},"end":{"line":22,"column":49}},{"start":{"line":22,"column":52},"end":{"line":22,"column":68}}],"line":22},"1":{"loc":{"start":{"line":24,"column":11},"end":{"line":24,"column":73}},"type":"cond-expr","locations":[{"start":{"line":24,"column":38},"end":{"line":24,"column":57}},{"start":{"line":24,"column":60},"end":{"line":24,"column":73}}],"line":24},"2":{"loc":{"start":{"line":32,"column":4},"end":{"line":34,"column":5}},"type":"if","locations":[{"start":{"line":32,"column":4},"end":{"line":34,"column":5}},{"start":{"line":32,"column":4},"end":{"line":34,"column":5}}],"line":32}},"s":{"0":1,"1":1,"2":1,"3":1,"4":1,"5":2,"6":1,"7":1,"8":1,"9":0,"10":0,"11":0,"12":1,"13":0,"14":0,"15":0,"16":1,"17":1},"f":{"0":1,"1":1,"2":2,"3":1,"4":0,"5":0,"6":0,"7":1},"b":{"0":[0,0],"1":[0,0],"2":[0,0]},"_coverageSchema":"43e27e138ebf9cfc5966b082cf9a028302ed4184","hash":"4d212aebdb5ab9090a6a6844ebc5871ee670b1fd"}
,"/home/maray/Desktop/LIM011-fe-social-network/src/firebase/post.js": {"path":"/home/maray/Desktop/LIM011-fe-social-network/src/firebase/post.js","statementMap":{"0":{"start":{"line":3,"column":24},"end":{"line":13,"column":4}},"1":{"start":{"line":3,"column":49},"end":{"line":13,"column":4}},"2":{"start":{"line":16,"column":36},"end":{"line":24,"column":1}},"3":{"start":{"line":17,"column":2},"end":{"line":23,"column":7}},"4":{"start":{"line":26,"column":27},"end":{"line":26,"column":97}},"5":{"start":{"line":26,"column":39},"end":{"line":26,"column":97}},"6":{"start":{"line":29,"column":23},"end":{"line":29,"column":104}},"7":{"start":{"line":29,"column":29},"end":{"line":29,"column":104}},"8":{"start":{"line":31,"column":27},"end":{"line":31,"column":97}},"9":{"start":{"line":31,"column":39},"end":{"line":31,"column":97}},"10":{"start":{"line":34,"column":26},"end":{"line":34,"column":99}},"11":{"start":{"line":34,"column":38},"end":{"line":34,"column":99}},"12":{"start":{"line":36,"column":24},"end":{"line":38,"column":2}},"13":{"start":{"line":36,"column":45},"end":{"line":38,"column":2}},"14":{"start":{"line":40,"column":30},"end":{"line":44,"column":1}},"15":{"start":{"line":41,"column":2},"end":{"line":43,"column":5}},"16":{"start":{"line":46,"column":35},"end":{"line":50,"column":1}},"17":{"start":{"line":47,"column":2},"end":{"line":49,"column":5}}},"fnMap":{"0":{"name":"(anonymous_0)","decl":{"start":{"line":3,"column":24},"end":{"line":3,"column":25}},"loc":{"start":{"line":3,"column":49},"end":{"line":13,"column":4}},"line":3},"1":{"name":"(anonymous_1)","decl":{"start":{"line":16,"column":36},"end":{"line":16,"column":37}},"loc":{"start":{"line":16,"column":50},"end":{"line":24,"column":1}},"line":16},"2":{"name":"(anonymous_2)","decl":{"start":{"line":26,"column":27},"end":{"line":26,"column":28}},"loc":{"start":{"line":26,"column":39},"end":{"line":26,"column":97}},"line":26},"3":{"name":"(anonymous_3)","decl":{"start":{"line":29,"column":23},"end":{"line":29,"column":24}},"loc":{"start":{"line":29,"column":29},"end":{"line":29,"column":104}},"line":29},"4":{"name":"(anonymous_4)","decl":{"start":{"line":31,"column":27},"end":{"line":31,"column":28}},"loc":{"start":{"line":31,"column":39},"end":{"line":31,"column":97}},"line":31},"5":{"name":"(anonymous_5)","decl":{"start":{"line":34,"column":26},"end":{"line":34,"column":27}},"loc":{"start":{"line":34,"column":38},"end":{"line":34,"column":99}},"line":34},"6":{"name":"(anonymous_6)","decl":{"start":{"line":36,"column":24},"end":{"line":36,"column":25}},"loc":{"start":{"line":36,"column":45},"end":{"line":38,"column":2}},"line":36},"7":{"name":"(anonymous_7)","decl":{"start":{"line":40,"column":30},"end":{"line":40,"column":31}},"loc":{"start":{"line":40,"column":49},"end":{"line":44,"column":1}},"line":40},"8":{"name":"(anonymous_8)","decl":{"start":{"line":46,"column":35},"end":{"line":46,"column":36}},"loc":{"start":{"line":46,"column":54},"end":{"line":50,"column":1}},"line":46}},"branchMap":{"0":{"loc":{"start":{"line":19,"column":17},"end":{"line":19,"column":89}},"type":"cond-expr","locations":[{"start":{"line":19,"column":49},"end":{"line":19,"column":68}},{"start":{"line":19,"column":71},"end":{"line":19,"column":89}}],"line":19},"1":{"loc":{"start":{"line":20,"column":16},"end":{"line":20,"column":76}},"type":"cond-expr","locations":[{"start":{"line":20,"column":47},"end":{"line":20,"column":56}},{"start":{"line":20,"column":59},"end":{"line":20,"column":76}}],"line":20}},"s":{"0":1,"1":0,"2":1,"3":0,"4":1,"5":0,"6":1,"7":0,"8":1,"9":1,"10":1,"11":0,"12":1,"13":1,"14":1,"15":0,"16":1,"17":0},"f":{"0":0,"1":0,"2":0,"3":0,"4":1,"5":0,"6":1,"7":0,"8":0},"b":{"0":[0,0],"1":[0,0]},"_coverageSchema":"43e27e138ebf9cfc5966b082cf9a028302ed4184","hash":"eb1037b7cdbff1d8646dbc53ae09b9fdce16ad02"}
}
